<?xml version="1.0" encoding="UTF-8"?>
<testng-results ignored="0" total="4" passed="4" failed="0" skipped="0">
  <reporter-output>
  </reporter-output>
  <suite started-at="2022-02-16T15:53:30 IST" name="Suite" finished-at="2022-02-16T15:53:37 IST" duration-ms="6703">
    <groups>
    </groups>
    <test started-at="2022-02-16T15:53:30 IST" name="Regression" finished-at="2022-02-16T15:53:37 IST" duration-ms="6580">
      <class name="com.swaglabs1.scripts.TestClass">
        <test-method is-config="true" signature="onSetup(java.lang.String)[pri:0, instance:com.swaglabs1.scripts.TestClass@48ae9b55]" started-at="2022-02-16T15:53:30 IST" name="onSetup" finished-at="2022-02-16T15:53:33 IST" duration-ms="3027" status="PASS">
          <params>
            <param index="0">
              <value>
                <![CDATA[chrome]]>
              </value>
            </param>
          </params>
          <reporter-output>
          </reporter-output>
        </test-method> <!-- onSetup -->
        <test-method signature="verifyInValidLogin()[pri:0, instance:com.swaglabs1.scripts.TestClass@48ae9b55]" started-at="2022-02-16T15:53:33 IST" name="verifyInValidLogin" finished-at="2022-02-16T15:53:35 IST" duration-ms="1921" status="PASS">
          <reporter-output>
          </reporter-output>
        </test-method> <!-- verifyInValidLogin -->
        <test-method is-config="true" signature="tearDown(org.testng.ITestResult)[pri:0, instance:com.swaglabs1.scripts.TestClass@48ae9b55]" started-at="2022-02-16T15:53:35 IST" name="tearDown" finished-at="2022-02-16T15:53:35 IST" duration-ms="1" status="PASS">
          <params>
            <param index="0">
              <value>
                <![CDATA[[TestResult name=verifyInValidLogin status=SUCCESS method=TestClass.verifyInValidLogin()[pri:0, instance:com.swaglabs1.scripts.TestClass@48ae9b55] output={null}]]]>
              </value>
            </param>
          </params>
          <reporter-output>
          </reporter-output>
        </test-method> <!-- tearDown -->
        <test-method signature="verifyValidLogin()[pri:1, instance:com.swaglabs1.scripts.TestClass@48ae9b55]" started-at="2022-02-16T15:53:35 IST" name="verifyValidLogin" finished-at="2022-02-16T15:53:37 IST" duration-ms="1418" status="PASS">
          <reporter-output>
          </reporter-output>
        </test-method> <!-- verifyValidLogin -->
        <test-method is-config="true" signature="tearDown(org.testng.ITestResult)[pri:0, instance:com.swaglabs1.scripts.TestClass@48ae9b55]" started-at="2022-02-16T15:53:37 IST" name="tearDown" finished-at="2022-02-16T15:53:37 IST" duration-ms="1" status="PASS">
          <params>
            <param index="0">
              <value>
                <![CDATA[[TestResult name=verifyValidLogin status=SUCCESS method=TestClass.verifyValidLogin()[pri:1, instance:com.swaglabs1.scripts.TestClass@48ae9b55] output={null}]]]>
              </value>
            </param>
          </params>
          <reporter-output>
          </reporter-output>
        </test-method> <!-- tearDown -->
        <test-method is-config="true" signature="quitBrowser()[pri:0, instance:com.swaglabs1.scripts.TestClass@48ae9b55]" started-at="2022-02-16T15:53:37 IST" name="quitBrowser" finished-at="2022-02-16T15:53:37 IST" duration-ms="148" status="PASS">
          <reporter-output>
          </reporter-output>
        </test-method> <!-- quitBrowser -->
      </class> <!-- com.swaglabs1.scripts.TestClass -->
    </test> <!-- Regression -->
    <test started-at="2022-02-16T15:53:30 IST" name="Sanity" finished-at="2022-02-16T15:53:37 IST" duration-ms="6703">
      <class name="com.swaglabs1.scripts.TestClass">
        <test-method is-config="true" signature="onSetup(java.lang.String)[pri:0, instance:com.swaglabs1.scripts.TestClass@333291e3]" started-at="2022-02-16T15:53:30 IST" name="onSetup" finished-at="2022-02-16T15:53:33 IST" duration-ms="3150" status="PASS">
          <params>
            <param index="0">
              <value>
                <![CDATA[chrome]]>
              </value>
            </param>
          </params>
          <reporter-output>
          </reporter-output>
        </test-method> <!-- onSetup -->
        <test-method signature="verifyInValidLogin()[pri:0, instance:com.swaglabs1.scripts.TestClass@333291e3]" started-at="2022-02-16T15:53:33 IST" name="verifyInValidLogin" finished-at="2022-02-16T15:53:35 IST" duration-ms="1638" status="PASS">
          <reporter-output>
          </reporter-output>
        </test-method> <!-- verifyInValidLogin -->
        <test-method is-config="true" signature="tearDown(org.testng.ITestResult)[pri:0, instance:com.swaglabs1.scripts.TestClass@333291e3]" started-at="2022-02-16T15:53:35 IST" name="tearDown" finished-at="2022-02-16T15:53:35 IST" duration-ms="16" status="PASS">
          <params>
            <param index="0">
              <value>
                <![CDATA[[TestResult name=verifyInValidLogin status=SUCCESS method=TestClass.verifyInValidLogin()[pri:0, instance:com.swaglabs1.scripts.TestClass@333291e3] output={null}]]]>
              </value>
            </param>
          </params>
          <reporter-output>
          </reporter-output>
        </test-method> <!-- tearDown -->
        <test-method signature="verifyValidLogin()[pri:1, instance:com.swaglabs1.scripts.TestClass@333291e3]" started-at="2022-02-16T15:53:35 IST" name="verifyValidLogin" finished-at="2022-02-16T15:53:37 IST" duration-ms="1742" status="PASS">
          <reporter-output>
          </reporter-output>
        </test-method> <!-- verifyValidLogin -->
        <test-method is-config="true" signature="quitBrowser()[pri:0, instance:com.swaglabs1.scripts.TestClass@333291e3]" started-at="2022-02-16T15:53:37 IST" name="quitBrowser" finished-at="2022-02-16T15:53:37 IST" duration-ms="133" status="PASS">
          <reporter-output>
          </reporter-output>
        </test-method> <!-- quitBrowser -->
        <test-method is-config="true" signature="tearDown(org.testng.ITestResult)[pri:0, instance:com.swaglabs1.scripts.TestClass@333291e3]" started-at="2022-02-16T15:53:37 IST" name="tearDown" finished-at="2022-02-16T15:53:37 IST" duration-ms="0" status="PASS">
          <params>
            <param index="0">
              <value>
                <![CDATA[[TestResult name=verifyValidLogin status=SUCCESS method=TestClass.verifyValidLogin()[pri:1, instance:com.swaglabs1.scripts.TestClass@333291e3] output={null}]]]>
              </value>
            </param>
          </params>
          <reporter-output>
          </reporter-output>
        </test-method> <!-- tearDown -->
      </class> <!-- com.swaglabs1.scripts.TestClass -->
    </test> <!-- Sanity -->
  </suite> <!-- Suite -->
</testng-results>
